<?xml version="1.0" encoding="UTF-8"?>
<!-- Generated by org.testng.reporters.JUnitReportReporter -->
<testsuite skipped="0" hostname="Aruns-MacBook-Pro.local" name="JiraTests" tests="1" failures="0" timestamp="2020-06-08T23:41:07 PDT" time="2.748" errors="0">
  <testcase name="jiraLogin" time="2.748" classname="JiraTests"/>
  <system-out/>
</testsuite> <!-- JiraTests -->
