<?xml version="1.0" encoding="UTF-8"?>
<!-- Generated by org.testng.reporters.JUnitReportReporter -->
<testsuite skipped="0" hostname="Aruns-MacBook-Pro.local" name="ValidateTotalJson" tests="1" failures="0" timestamp="2020-06-07T16:13:21 PDT" time="1.656" errors="0">
  <testcase name="validateSum" time="1.656" classname="ValidateTotalJson"/>
  <system-out/>
</testsuite> <!-- ValidateTotalJson -->
