<?xml version="1.0" encoding="UTF-8"?>
<!-- Generated by org.testng.reporters.JUnitReportReporter -->
<testsuite skipped="0" hostname="Aruns-MacBook-Pro.local" name="StaticJson" tests="1" failures="0" timestamp="2020-04-09T00:28:16 PDT" time="4.537" errors="0">
  <testcase name="addBook" time="4.537" classname="StaticJson"/>
  <system-out/>
</testsuite> <!-- StaticJson -->
